{"content": {"suites": {"0": {"status": {"total_pass": 7, "total_skip": 0, "total_xpass": 0, "total_xfail": 0, "total_rerun": 0, "total_fail": 3, "total_error": 0}, "tests": {"0": {"status": "PASS", "message": "", "test_name": "test_ModifiedDetails", "rerun": "0"}, "1": {"status": "PASS", "message": "", "test_name": "test_Provisional_Employee_Draft", "rerun": "0"}, "2": {"status": "FAIL", "message": "   selenium.common.exceptions.NoSuchElementException: Message: no such element: Unable to locate element: {\"method\":\"xpath\",\"selector\":\"//span[normalize-space()='New Employee Draft']\"}\n     (Session info: chrome=113.0.5672.127)\n   Stacktrace:\n   Backtrace:\n   \tGetHandleVerifier [0x00E08893+48451]\n   \t(No symbol) [0x00D9B8A1]\n   \t(No symbol) [0x00CA5058]\n   \t(No symbol) [0x00CD0467]\n   \t(No symbol) [0x00CD069B]\n   \t(No symbol) [0x00CFDD92]\n   \t(No symbol) [0x00CEA304]\n   \t(No symbol) [0x00CFC482]\n   \t(No symbol) [0x00CEA0B6]\n   \t(No symbol) [0x00CC7E08]\n   \t(No symbol) [0x00CC8F2D]\n   \tGetHandleVerifier [0x01068E3A+2540266]\n   \tGetHandleVerifier [0x010A8959+2801161]\n   \tGetHandleVerifier [0x010A295C+2776588]\n   \tGetHandleVerifier [0x00E92280+612144]\n   \t(No symbol) [0x00DA4F6C]\n   \t(No symbol) [0x00DA11D8]\n   \t(No symbol) [0x00DA12BB]\n   \t(No symbol) [0x00D94857]\n   \tBaseThreadInitThunk [0x762A7D59+25]\n   \tRtlInitializeExceptionChain [0x773DB74B+107]\n   \tRtlClearBits [0x773DB6CF+191]\n", "test_name": "test_NewEmployeeDraft", "rerun": "0"}, "3": {"status": "FAIL", "message": "   selenium.common.exceptions.NoSuchElementException: Message: no such element: Unable to locate element: {\"method\":\"xpath\",\"selector\":\"//span[normalize-space()='Accept/Reject Provisional Employee Draft']\"}\n     (Session info: chrome=113.0.5672.127)\n   Stacktrace:\n   Backtrace:\n   \tGetHandleVerifier [0x00E08893+48451]\n   \t(No symbol) [0x00D9B8A1]\n   \t(No symbol) [0x00CA5058]\n   \t(No symbol) [0x00CD0467]\n   \t(No symbol) [0x00CD069B]\n   \t(No symbol) [0x00CFDD92]\n   \t(No symbol) [0x00CEA304]\n   \t(No symbol) [0x00CFC482]\n   \t(No symbol) [0x00CEA0B6]\n   \t(No symbol) [0x00CC7E08]\n   \t(No symbol) [0x00CC8F2D]\n   \tGetHandleVerifier [0x01068E3A+2540266]\n   \tGetHandleVerifier [0x010A8959+2801161]\n   \tGetHandleVerifier [0x010A295C+2776588]\n   \tGetHandleVerifier [0x00E92280+612144]\n   \t(No symbol) [0x00DA4F6C]\n   \t(No symbol) [0x00DA11D8]\n   \t(No symbol) [0x00DA12BB]\n   \t(No symbol) [0x00D94857]\n   \tBaseThreadInitThunk [0x762A7D59+25]\n   \tRtlInitializeExceptionChain [0x773DB74B+107]\n   \tRtlClearBits [0x773DB6CF+191]\n", "test_name": "test_AcceptORReject_Provisional_Employee_Draft", "rerun": "0"}, "4": {"status": "PASS", "message": "", "test_name": "test_Modifying_Approved_Information", "rerun": "0"}, "5": {"status": "FAIL", "message": "   assert 0 > 0\n    +  where 0 = len([])\n", "test_name": "test_Updating_Approved_Information", "rerun": "0"}, "6": {"status": "PASS", "message": "", "test_name": "test_AcceptingORRejectingModifiedInformation_in_Approv", "rerun": "0"}, "7": {"status": "PASS", "message": "", "test_name": "test_AcceptORRejectUpdatedInformation_in_ApprovedProf", "rerun": "0"}, "8": {"status": "PASS", "message": "", "test_name": "test_EmployeeBasicPayEntry_FixedPayScale", "rerun": "0"}, "9": {"status": "PASS", "message": "", "test_name": "test_Maker_CheckerModelforBasicPayEntry", "rerun": "0"}}, "suite_name": "test_Personnel_Information_System_Management.py"}}}, "date": "May 30, 2023", "start_time": 1685443329.576261, "total_suite": 1, "status": "FAIL", "status_list": {"pass": "7", "fail": "3", "skip": "0", "error": "0", "xpass": "0", "xfail": "0", "rerun": "0"}, "total_tests": "10"}