{"content": {"suites": {"0": {"status": {"total_pass": 16, "total_skip": 1, "total_xpass": 0, "total_xfail": 0, "total_rerun": 0, "total_fail": 2, "total_error": 0}, "tests": {"0": {"status": "PASS", "message": "", "test_name": "test_ActivateORDeactivateEmployeeCredentials", "rerun": "0"}, "1": {"status": "PASS", "message": "", "test_name": "test_LoginPage", "rerun": "0"}, "2": {"status": "PASS", "message": "", "test_name": "test_DashboardEmployeePortal", "rerun": "0"}, "3": {"status": "PASS", "message": "", "test_name": "test_ServiceRegister", "rerun": "0"}, "4": {"status": "PASS", "message": "", "test_name": "test_LeavePosting", "rerun": "0"}, "5": {"status": "SKIP", "message": "('C:\\\\Users\\\\kumar ojja\\\\Desktop\\\\HCM_cls\\\\test_EmployeePortal.py', 82, 'Skipped: unconditional skip')\n", "test_name": "test_LeavesManagement", "rerun": "0"}, "6": {"status": "PASS", "message": "", "test_name": "test_Leave_Applications_Reviewal", "rerun": "0"}, "7": {"status": "PASS", "message": "", "test_name": "test_PaySlipEmployeeFacing", "rerun": "0"}, "8": {"status": "PASS", "message": "", "test_name": "test_UploadEmployeeDocuments", "rerun": "0"}, "9": {"status": "PASS", "message": "", "test_name": "test_AccessEmployee", "rerun": "0"}, "10": {"status": "PASS", "message": "", "test_name": "test_IncomeTaxDeclaration", "rerun": "0"}, "11": {"status": "FAIL", "message": "   selenium.common.exceptions.NoSuchElementException: Message: no such element: Unable to locate element: {\"method\":\"xpath\",\"selector\":\"//div[normalize-space()='Income Tax Declaration']\"}\n     (Session info: chrome=113.0.5672.127)\n   Stacktrace:\n   Backtrace:\n   \tGetHandleVerifier [0x009F8893+48451]\n   \t(No symbol) [0x0098B8A1]\n   \t(No symbol) [0x00895058]\n   \t(No symbol) [0x008C0467]\n   \t(No symbol) [0x008C069B]\n   \t(No symbol) [0x008EDD92]\n   \t(No symbol) [0x008DA304]\n   \t(No symbol) [0x008EC482]\n   \t(No symbol) [0x008DA0B6]\n   \t(No symbol) [0x008B7E08]\n   \t(No symbol) [0x008B8F2D]\n   \tGetHandleVerifier [0x00C58E3A+2540266]\n   \tGetHandleVerifier [0x00C98959+2801161]\n   \tGetHandleVerifier [0x00C9295C+2776588]\n   \tGetHandleVerifier [0x00A82280+612144]\n   \t(No symbol) [0x00994F6C]\n   \t(No symbol) [0x009911D8]\n   \t(No symbol) [0x009912BB]\n   \t(No symbol) [0x00984857]\n   \tBaseThreadInitThunk [0x762A7D59+25]\n   \tRtlInitializeExceptionChain [0x773DB74B+107]\n   \tRtlClearBits [0x773DB6CF+191]\n", "test_name": "test_ReviewIncomeTaxDeclarations", "rerun": "0"}, "12": {"status": "PASS", "message": "", "test_name": "test_ApplyforAdvances", "rerun": "0"}, "13": {"status": "FAIL", "message": "   selenium.common.exceptions.InvalidSelectorException: Message: invalid selector: Unable to locate an element with the xpath expression //span[contains(text(),'Review Employee Advance & Loan Applications (HR-Facing)] because of the following error:\n   SyntaxError: Failed to execute 'evaluate' on 'Document': The string '//span[contains(text(),'Review Employee Advance & Loan Applications (HR-Facing)]' is not a valid XPath expression.\n     (Session info: chrome=113.0.5672.127)\n   Stacktrace:\n   Backtrace:\n   \tGetHandleVerifier [0x009F8893+48451]\n   \t(No symbol) [0x0098B8A1]\n   \t(No symbol) [0x00895058]\n   \t(No symbol) [0x008983F1]\n   \t(No symbol) [0x00899631]\n   \t(No symbol) [0x008996D0]\n   \t(No symbol) [0x008C00C0]\n   \t(No symbol) [0x008C069B]\n   \t(No symbol) [0x008EDD92]\n   \t(No symbol) [0x008DA304]\n   \t(No symbol) [0x008EC482]\n   \t(No symbol) [0x008DA0B6]\n   \t(No symbol) [0x008B7E08]\n   \t(No symbol) [0x008B8F2D]\n   \tGetHandleVerifier [0x00C58E3A+2540266]\n   \tGetHandleVerifier [0x00C98959+2801161]\n   \tGetHandleVerifier [0x00C9295C+2776588]\n   \tGetHandleVerifier [0x00A82280+612144]\n   \t(No symbol) [0x00994F6C]\n   \t(No symbol) [0x009911D8]\n   \t(No symbol) [0x009912BB]\n   \t(No symbol) [0x00984857]\n   \tBaseThreadInitThunk [0x762A7D59+25]\n   \tRtlInitializeExceptionChain [0x773DB74B+107]\n   \tRtlClearBits [0x773DB6CF+191]\n", "test_name": "test_ReviewEmployeeAdvanceLoan", "rerun": "0"}, "14": {"status": "PASS", "message": "", "test_name": "test_EnterAdvancesforEmployees", "rerun": "0"}, "15": {"status": "PASS", "message": "", "test_name": "test_ViewAdvances", "rerun": "0"}, "16": {"status": "PASS", "message": "", "test_name": "test_ViewDeductionDetails", "rerun": "0"}, "17": {"status": "PASS", "message": "", "test_name": "test_Reimbursements", "rerun": "0"}, "18": {"status": "PASS", "message": "", "test_name": "test_ReviewReimbursement", "rerun": "0"}}, "suite_name": "test_EmployeePortal.py"}}}, "date": "May 30, 2023", "start_time": 1685421521.944928, "total_suite": 1, "status": "FAIL", "status_list": {"pass": "16", "fail": "2", "skip": "1", "error": "0", "xpass": "0", "xfail": "0", "rerun": "0"}, "total_tests": "19"}