{"content": {"suites": {"0": {"status": {"total_pass": 4, "total_skip": 0, "total_xpass": 0, "total_xfail": 0, "total_rerun": 0, "total_fail": 4, "total_error": 0}, "tests": {"0": {"status": "PASS", "message": "", "test_name": "test_AppraisalRatingClassification", "rerun": "0"}, "1": {"status": "FAIL", "message": "   selenium.common.exceptions.ElementNotInteractableException: Message: element not interactable\n     (Session info: chrome=113.0.5672.127)\n   Stacktrace:\n   Backtrace:\n   \tGetHandleVerifier [0x00E08893+48451]\n   \t(No symbol) [0x00D9B8A1]\n   \t(No symbol) [0x00CA4F20]\n   \t(No symbol) [0x00CD13A6]\n   \t(No symbol) [0x00CC9AAC]\n   \t(No symbol) [0x00CEA2BC]\n   \t(No symbol) [0x00CC9586]\n   \t(No symbol) [0x00CEA614]\n   \t(No symbol) [0x00CFC482]\n   \t(No symbol) [0x00CEA0B6]\n   \t(No symbol) [0x00CC7E08]\n   \t(No symbol) [0x00CC8F2D]\n   \tGetHandleVerifier [0x01068E3A+2540266]\n   \tGetHandleVerifier [0x010A8959+2801161]\n   \tGetHandleVerifier [0x010A295C+2776588]\n   \tGetHandleVerifier [0x00E92280+612144]\n   \t(No symbol) [0x00DA4F6C]\n   \t(No symbol) [0x00DA11D8]\n   \t(No symbol) [0x00DA12BB]\n   \t(No symbol) [0x00D94857]\n   \tBaseThreadInitThunk [0x762A7D59+25]\n   \tRtlInitializeExceptionChain [0x773DB74B+107]\n   \tRtlClearBits [0x773DB6CF+191]\n", "test_name": "test_DefiningtheAttributesfortheAppraisalsSystem", "rerun": "0"}, "2": {"status": "PASS", "message": "", "test_name": "test_RulesANDExceptionsforAppraisalOperations", "rerun": "0"}, "3": {"status": "FAIL", "message": "   selenium.common.exceptions.ElementNotInteractableException: Message: element not interactable\n     (Session info: chrome=113.0.5672.127)\n   Stacktrace:\n   Backtrace:\n   \tGetHandleVerifier [0x00E08893+48451]\n   \t(No symbol) [0x00D9B8A1]\n   \t(No symbol) [0x00CA4F20]\n   \t(No symbol) [0x00CD13A6]\n   \t(No symbol) [0x00CC9AAC]\n   \t(No symbol) [0x00CEA2BC]\n   \t(No symbol) [0x00CC9586]\n   \t(No symbol) [0x00CEA614]\n   \t(No symbol) [0x00CFC482]\n   \t(No symbol) [0x00CEA0B6]\n   \t(No symbol) [0x00CC7E08]\n   \t(No symbol) [0x00CC8F2D]\n   \tGetHandleVerifier [0x01068E3A+2540266]\n   \tGetHandleVerifier [0x010A8959+2801161]\n   \tGetHandleVerifier [0x010A295C+2776588]\n   \tGetHandleVerifier [0x00E92280+612144]\n   \t(No symbol) [0x00DA4F6C]\n   \t(No symbol) [0x00DA11D8]\n   \t(No symbol) [0x00DA12BB]\n   \t(No symbol) [0x00D94857]\n   \tBaseThreadInitThunk [0x762A7D59+25]\n   \tRtlInitializeExceptionChain [0x773DB74B+107]\n   \tRtlClearBits [0x773DB6CF+191]\n", "test_name": "test_AssignAcceptingAuthorityPrivilegestoEmployees", "rerun": "0"}, "4": {"status": "PASS", "message": "", "test_name": "test_Self_Appraisal", "rerun": "0"}, "5": {"status": "FAIL", "message": "   selenium.common.exceptions.ElementNotInteractableException: Message: element not interactable\n     (Session info: chrome=113.0.5672.127)\n   Stacktrace:\n   Backtrace:\n   \tGetHandleVerifier [0x00E08893+48451]\n   \t(No symbol) [0x00D9B8A1]\n   \t(No symbol) [0x00CA4F20]\n   \t(No symbol) [0x00CD13A6]\n   \t(No symbol) [0x00CC9AAC]\n   \t(No symbol) [0x00CEA2BC]\n   \t(No symbol) [0x00CC9586]\n   \t(No symbol) [0x00CEA614]\n   \t(No symbol) [0x00CFC482]\n   \t(No symbol) [0x00CEA0B6]\n   \t(No symbol) [0x00CC7E08]\n   \t(No symbol) [0x00CC8F2D]\n   \tGetHandleVerifier [0x01068E3A+2540266]\n   \tGetHandleVerifier [0x010A8959+2801161]\n   \tGetHandleVerifier [0x010A295C+2776588]\n   \tGetHandleVerifier [0x00E92280+612144]\n   \t(No symbol) [0x00DA4F6C]\n   \t(No symbol) [0x00DA11D8]\n   \t(No symbol) [0x00DA12BB]\n   \t(No symbol) [0x00D94857]\n   \tBaseThreadInitThunk [0x762A7D59+25]\n   \tRtlInitializeExceptionChain [0x773DB74B+107]\n   \tRtlClearBits [0x773DB6CF+191]\n", "test_name": "test_ConductAppraisals", "rerun": "0"}, "6": {"status": "PASS", "message": "", "test_name": "test_ViewAppraisalStage", "rerun": "0"}, "7": {"status": "FAIL", "message": "   selenium.common.exceptions.ElementNotInteractableException: Message: element not interactable\n     (Session info: chrome=113.0.5672.127)\n   Stacktrace:\n   Backtrace:\n   \tGetHandleVerifier [0x00E08893+48451]\n   \t(No symbol) [0x00D9B8A1]\n   \t(No symbol) [0x00CA4F20]\n   \t(No symbol) [0x00CD13A6]\n   \t(No symbol) [0x00CC9AAC]\n   \t(No symbol) [0x00CEA2BC]\n   \t(No symbol) [0x00CC9586]\n   \t(No symbol) [0x00CEA614]\n   \t(No symbol) [0x00CFC482]\n   \t(No symbol) [0x00CEA0B6]\n   \t(No symbol) [0x00CC7E08]\n   \t(No symbol) [0x00CC8F2D]\n   \tGetHandleVerifier [0x01068E3A+2540266]\n   \tGetHandleVerifier [0x010A8959+2801161]\n   \tGetHandleVerifier [0x010A295C+2776588]\n   \tGetHandleVerifier [0x00E92280+612144]\n   \t(No symbol) [0x00DA4F6C]\n   \t(No symbol) [0x00DA11D8]\n   \t(No symbol) [0x00DA12BB]\n   \t(No symbol) [0x00D94857]\n   \tBaseThreadInitThunk [0x762A7D59+25]\n   \tRtlInitializeExceptionChain [0x773DB74B+107]\n   \tRtlClearBits [0x773DB6CF+191]\n", "test_name": "test_AppraisalsDashboard", "rerun": "0"}}, "suite_name": "test_AppraisalMasters.py"}}}, "date": "May 30, 2023", "start_time": 1685439983.8154671, "total_suite": 1, "status": "FAIL", "status_list": {"pass": "4", "fail": "4", "skip": "0", "error": "0", "xpass": "0", "xfail": "0", "rerun": "0"}, "total_tests": "8"}