{"content": {"suites": {"0": {"status": {"total_pass": 1, "total_skip": 0, "total_xpass": 0, "total_xfail": 0, "total_rerun": 0, "total_fail": 5, "total_error": 0}, "tests": {"0": {"status": "PASS", "message": "", "test_name": "test_login", "rerun": "0"}, "1": {"status": "FAIL", "message": "   selenium.common.exceptions.ElementClickInterceptedException: Message: element click intercepted: Element is not clickable at point (-124, 107)\n     (Session info: chrome=113.0.5672.127)\n   Stacktrace:\n   Backtrace:\n   \tGetHandleVerifier [0x00B88893+48451]\n   \t(No symbol) [0x00B1B8A1]\n   \t(No symbol) [0x00A25058]\n   \t(No symbol) [0x00A54BA4]\n   \t(No symbol) [0x00A536E8]\n   \t(No symbol) [0x00A51EEB]\n   \t(No symbol) [0x00A512FE]\n   \t(No symbol) [0x00A49AAC]\n   \t(No symbol) [0x00A6A2BC]\n   \t(No symbol) [0x00A49586]\n   \t(No symbol) [0x00A6A614]\n   \t(No symbol) [0x00A7C482]\n   \t(No symbol) [0x00A6A0B6]\n   \t(No symbol) [0x00A47E08]\n   \t(No symbol) [0x00A48F2D]\n   \tGetHandleVerifier [0x00DE8E3A+2540266]\n   \tGetHandleVerifier [0x00E28959+2801161]\n   \tGetHandleVerifier [0x00E2295C+2776588]\n   \tGetHandleVerifier [0x00C12280+612144]\n   \t(No symbol) [0x00B24F6C]\n   \t(No symbol) [0x00B211D8]\n   \t(No symbol) [0x00B212BB]\n   \t(No symbol) [0x00B14857]\n   \tBaseThreadInitThunk [0x762A7D59+25]\n   \tRtlInitializeExceptionChain [0x773DB74B+107]\n   \tRtlClearBits [0x773DB6CF+191]\n", "test_name": "test_branchmaster", "rerun": "0"}, "2": {"status": "FAIL", "message": "   selenium.common.exceptions.ElementClickInterceptedException: Message: element click intercepted: Element is not clickable at point (-125, 107)\n     (Session info: chrome=113.0.5672.127)\n   Stacktrace:\n   Backtrace:\n   \tGetHandleVerifier [0x00B88893+48451]\n   \t(No symbol) [0x00B1B8A1]\n   \t(No symbol) [0x00A25058]\n   \t(No symbol) [0x00A54BA4]\n   \t(No symbol) [0x00A536E8]\n   \t(No symbol) [0x00A51EEB]\n   \t(No symbol) [0x00A512FE]\n   \t(No symbol) [0x00A49AAC]\n   \t(No symbol) [0x00A6A2BC]\n   \t(No symbol) [0x00A49586]\n   \t(No symbol) [0x00A6A614]\n   \t(No symbol) [0x00A7C482]\n   \t(No symbol) [0x00A6A0B6]\n   \t(No symbol) [0x00A47E08]\n   \t(No symbol) [0x00A48F2D]\n   \tGetHandleVerifier [0x00DE8E3A+2540266]\n   \tGetHandleVerifier [0x00E28959+2801161]\n   \tGetHandleVerifier [0x00E2295C+2776588]\n   \tGetHandleVerifier [0x00C12280+612144]\n   \t(No symbol) [0x00B24F6C]\n   \t(No symbol) [0x00B211D8]\n   \t(No symbol) [0x00B212BB]\n   \t(No symbol) [0x00B14857]\n   \tBaseThreadInitThunk [0x762A7D59+25]\n   \tRtlInitializeExceptionChain [0x773DB74B+107]\n   \tRtlClearBits [0x773DB6CF+191]\n", "test_name": "test_cadreemaster", "rerun": "0"}, "3": {"status": "FAIL", "message": "   selenium.common.exceptions.ElementClickInterceptedException: Message: element click intercepted: Element is not clickable at point (-125, 107)\n     (Session info: chrome=113.0.5672.127)\n   Stacktrace:\n   Backtrace:\n   \tGetHandleVerifier [0x00B88893+48451]\n   \t(No symbol) [0x00B1B8A1]\n   \t(No symbol) [0x00A25058]\n   \t(No symbol) [0x00A54BA4]\n   \t(No symbol) [0x00A536E8]\n   \t(No symbol) [0x00A51EEB]\n   \t(No symbol) [0x00A512FE]\n   \t(No symbol) [0x00A49AAC]\n   \t(No symbol) [0x00A6A2BC]\n   \t(No symbol) [0x00A49586]\n   \t(No symbol) [0x00A6A614]\n   \t(No symbol) [0x00A7C482]\n   \t(No symbol) [0x00A6A0B6]\n   \t(No symbol) [0x00A47E08]\n   \t(No symbol) [0x00A48F2D]\n   \tGetHandleVerifier [0x00DE8E3A+2540266]\n   \tGetHandleVerifier [0x00E28959+2801161]\n   \tGetHandleVerifier [0x00E2295C+2776588]\n   \tGetHandleVerifier [0x00C12280+612144]\n   \t(No symbol) [0x00B24F6C]\n   \t(No symbol) [0x00B211D8]\n   \t(No symbol) [0x00B212BB]\n   \t(No symbol) [0x00B14857]\n   \tBaseThreadInitThunk [0x762A7D59+25]\n   \tRtlInitializeExceptionChain [0x773DB74B+107]\n   \tRtlClearBits [0x773DB6CF+191]\n", "test_name": "test_calendermaster", "rerun": "0"}, "4": {"status": "FAIL", "message": "   selenium.common.exceptions.NoSuchWindowException: Message: no such window: target window already closed\n   from unknown error: web view not found\n     (Session info: chrome=113.0.5672.127)\n   Stacktrace:\n   Backtrace:\n   \tGetHandleVerifier [0x00B88893+48451]\n   \t(No symbol) [0x00B1B8A1]\n   \t(No symbol) [0x00A25058]\n   \t(No symbol) [0x00A0D073]\n   \t(No symbol) [0x00A6DEBB]\n   \t(No symbol) [0x00A7BFD3]\n   \t(No symbol) [0x00A6A0B6]\n   \t(No symbol) [0x00A47E08]\n   \t(No symbol) [0x00A48F2D]\n   \tGetHandleVerifier [0x00DE8E3A+2540266]\n   \tGetHandleVerifier [0x00E28959+2801161]\n   \tGetHandleVerifier [0x00E2295C+2776588]\n   \tGetHandleVerifier [0x00C12280+612144]\n   \t(No symbol) [0x00B24F6C]\n   \t(No symbol) [0x00B211D8]\n   \t(No symbol) [0x00B212BB]\n   \t(No symbol) [0x00B14857]\n   \tBaseThreadInitThunk [0x762A7D59+25]\n   \tRtlInitializeExceptionChain [0x773DB74B+107]\n   \tRtlClearBits [0x773DB6CF+191]\n", "test_name": "test_institutemaster", "rerun": "0"}, "5": {"status": "FAIL", "message": "   selenium.common.exceptions.NoSuchWindowException: Message: no such window: target window already closed\n   from unknown error: web view not found\n     (Session info: chrome=113.0.5672.127)\n   Stacktrace:\n   Backtrace:\n   \tGetHandleVerifier [0x00B88893+48451]\n   \t(No symbol) [0x00B1B8A1]\n   \t(No symbol) [0x00A25058]\n   \t(No symbol) [0x00A0D073]\n   \t(No symbol) [0x00A6DEBB]\n   \t(No symbol) [0x00A7BFD3]\n   \t(No symbol) [0x00A6A0B6]\n   \t(No symbol) [0x00A47E08]\n   \t(No symbol) [0x00A48F2D]\n   \tGetHandleVerifier [0x00DE8E3A+2540266]\n   \tGetHandleVerifier [0x00E28959+2801161]\n   \tGetHandleVerifier [0x00E2295C+2776588]\n   \tGetHandleVerifier [0x00C12280+612144]\n   \t(No symbol) [0x00B24F6C]\n   \t(No symbol) [0x00B211D8]\n   \t(No symbol) [0x00B212BB]\n   \t(No symbol) [0x00B14857]\n   \tBaseThreadInitThunk [0x762A7D59+25]\n   \tRtlInitializeExceptionChain [0x773DB74B+107]\n   \tRtlClearBits [0x773DB6CF+191]\n", "test_name": "test_usermanagement", "rerun": "0"}}, "suite_name": "test_Master.py"}}}, "date": "May 30, 2023", "start_time": 1685418302.0250256, "total_suite": 1, "status": "FAIL", "status_list": {"pass": "1", "fail": "5", "skip": "0", "error": "0", "xpass": "0", "xfail": "0", "rerun": "0"}, "total_tests": "6"}