{"content": {"suites": {"0": {"status": {"total_pass": 8, "total_skip": 0, "total_xpass": 0, "total_xfail": 0, "total_rerun": 0, "total_fail": 0, "total_error": 0}, "tests": {"0": {"status": "PASS", "message": "", "test_name": "test_AppraisalRatingClassification", "rerun": "0"}, "1": {"status": "PASS", "message": "", "test_name": "test_DefiningtheAttributesfortheAppraisalsSystem", "rerun": "0"}, "2": {"status": "PASS", "message": "", "test_name": "test_RulesANDExceptionsforAppraisalOperations", "rerun": "0"}, "3": {"status": "PASS", "message": "", "test_name": "test_AssignAcceptingAuthorityPrivilegestoEmployees", "rerun": "0"}, "4": {"status": "PASS", "message": "", "test_name": "test_Self_Appraisal", "rerun": "0"}, "5": {"status": "PASS", "message": "", "test_name": "test_ConductAppraisals", "rerun": "0"}, "6": {"status": "PASS", "message": "", "test_name": "test_ViewAppraisalStage", "rerun": "0"}, "7": {"status": "PASS", "message": "", "test_name": "test_AppraisalsDashboard", "rerun": "0"}}, "suite_name": "test_AppraisalMasters.py"}, "1": {"suite_name": "test_EmployeePortal.py", "tests": {"0": {"status": "PASS", "message": "", "test_name": "test_ActivateORDeactivateEmployeeCredentials", "rerun": "0"}, "1": {"status": "PASS", "message": "", "test_name": "test_LoginPage", "rerun": "0"}, "2": {"status": "PASS", "message": "", "test_name": "test_DashboardEmployeePortal", "rerun": "0"}, "3": {"status": "PASS", "message": "", "test_name": "test_ServiceRegister", "rerun": "0"}, "4": {"status": "PASS", "message": "", "test_name": "test_LeavePosting", "rerun": "0"}, "5": {"status": "SKIP", "message": "('C:\\\\Users\\\\kumar ojja\\\\Desktop\\\\HCM_cls\\\\test_EmployeePortal.py', 82, 'Skipped: unconditional skip')\n", "test_name": "test_LeavesManagement", "rerun": "0"}, "6": {"status": "PASS", "message": "", "test_name": "test_Leave_Applications_Reviewal", "rerun": "0"}, "7": {"status": "PASS", "message": "", "test_name": "test_PaySlipEmployeeFacing", "rerun": "0"}, "8": {"status": "PASS", "message": "", "test_name": "test_UploadEmployeeDocuments", "rerun": "0"}, "9": {"status": "PASS", "message": "", "test_name": "test_AccessEmployee", "rerun": "0"}, "10": {"status": "PASS", "message": "", "test_name": "test_IncomeTaxDeclaration", "rerun": "0"}, "11": {"status": "FAIL", "message": "   selenium.common.exceptions.NoSuchElementException: Message: no such element: Unable to locate element: {\"method\":\"xpath\",\"selector\":\"//div[normalize-space()='Income Tax Declaration']\"}\n     (Session info: chrome=113.0.5672.127)\n   Stacktrace:\n   Backtrace:\n   \tGetHandleVerifier [0x00EF8893+48451]\n   \t(No symbol) [0x00E8B8A1]\n   \t(No symbol) [0x00D95058]\n   \t(No symbol) [0x00DC0467]\n   \t(No symbol) [0x00DC069B]\n   \t(No symbol) [0x00DEDD92]\n   \t(No symbol) [0x00DDA304]\n   \t(No symbol) [0x00DEC482]\n   \t(No symbol) [0x00DDA0B6]\n   \t(No symbol) [0x00DB7E08]\n   \t(No symbol) [0x00DB8F2D]\n   \tGetHandleVerifier [0x01158E3A+2540266]\n   \tGetHandleVerifier [0x01198959+2801161]\n   \tGetHandleVerifier [0x0119295C+2776588]\n   \tGetHandleVerifier [0x00F82280+612144]\n   \t(No symbol) [0x00E94F6C]\n   \t(No symbol) [0x00E911D8]\n   \t(No symbol) [0x00E912BB]\n   \t(No symbol) [0x00E84857]\n   \tBaseThreadInitThunk [0x762A7D59+25]\n   \tRtlInitializeExceptionChain [0x773DB74B+107]\n   \tRtlClearBits [0x773DB6CF+191]\n", "test_name": "test_ReviewIncomeTaxDeclarations", "rerun": "0"}, "12": {"status": "PASS", "message": "", "test_name": "test_ApplyforAdvances", "rerun": "0"}, "13": {"status": "FAIL", "message": "   selenium.common.exceptions.InvalidSelectorException: Message: invalid selector: Unable to locate an element with the xpath expression //span[contains(text(),'Review Employee Advance & Loan Applications (HR-Facing)] because of the following error:\n   SyntaxError: Failed to execute 'evaluate' on 'Document': The string '//span[contains(text(),'Review Employee Advance & Loan Applications (HR-Facing)]' is not a valid XPath expression.\n     (Session info: chrome=113.0.5672.127)\n   Stacktrace:\n   Backtrace:\n   \tGetHandleVerifier [0x00EF8893+48451]\n   \t(No symbol) [0x00E8B8A1]\n   \t(No symbol) [0x00D95058]\n   \t(No symbol) [0x00D983F1]\n   \t(No symbol) [0x00D99631]\n   \t(No symbol) [0x00D996D0]\n   \t(No symbol) [0x00DC00C0]\n   \t(No symbol) [0x00DC069B]\n   \t(No symbol) [0x00DEDD92]\n   \t(No symbol) [0x00DDA304]\n   \t(No symbol) [0x00DEC482]\n   \t(No symbol) [0x00DDA0B6]\n   \t(No symbol) [0x00DB7E08]\n   \t(No symbol) [0x00DB8F2D]\n   \tGetHandleVerifier [0x01158E3A+2540266]\n   \tGetHandleVerifier [0x01198959+2801161]\n   \tGetHandleVerifier [0x0119295C+2776588]\n   \tGetHandleVerifier [0x00F82280+612144]\n   \t(No symbol) [0x00E94F6C]\n   \t(No symbol) [0x00E911D8]\n   \t(No symbol) [0x00E912BB]\n   \t(No symbol) [0x00E84857]\n   \tBaseThreadInitThunk [0x762A7D59+25]\n   \tRtlInitializeExceptionChain [0x773DB74B+107]\n   \tRtlClearBits [0x773DB6CF+191]\n", "test_name": "test_ReviewEmployeeAdvanceLoan", "rerun": "0"}, "14": {"status": "PASS", "message": "", "test_name": "test_EnterAdvancesforEmployees", "rerun": "0"}, "15": {"status": "PASS", "message": "", "test_name": "test_ViewAdvances", "rerun": "0"}, "16": {"status": "PASS", "message": "", "test_name": "test_ViewDeductionDetails", "rerun": "0"}, "17": {"status": "PASS", "message": "", "test_name": "test_Reimbursements", "rerun": "0"}, "18": {"status": "PASS", "message": "", "test_name": "test_ReviewReimbursement", "rerun": "0"}}, "status": {"total_pass": 16, "total_skip": 1, "total_xpass": 0, "total_xfail": 0, "total_rerun": 0, "total_fail": 2, "total_error": 0}}, "2": {"suite_name": "test_Master.py", "tests": {"0": {"status": "PASS", "message": "", "test_name": "test_login", "rerun": "0"}, "1": {"status": "PASS", "message": "", "test_name": "test_branchmaster", "rerun": "0"}, "2": {"status": "PASS", "message": "", "test_name": "test_cadreemaster", "rerun": "0"}, "3": {"status": "PASS", "message": "", "test_name": "test_calendermaster", "rerun": "0"}, "4": {"status": "PASS", "message": "", "test_name": "test_institutemaster", "rerun": "0"}, "5": {"status": "PASS", "message": "", "test_name": "test_usermanagement", "rerun": "0"}}, "status": {"total_pass": 6, "total_skip": 0, "total_xpass": 0, "total_xfail": 0, "total_rerun": 0, "total_fail": 0, "total_error": 0}}, "3": {"suite_name": "test_PayrollMasters.py", "tests": {"0": {"status": "FAIL", "message": "   selenium.common.exceptions.ElementNotInteractableException: Message: element not interactable\n     (Session info: chrome=113.0.5672.127)\n   Stacktrace:\n   Backtrace:\n   \tGetHandleVerifier [0x00EF8893+48451]\n   \t(No symbol) [0x00E8B8A1]\n   \t(No symbol) [0x00D94F20]\n   \t(No symbol) [0x00DC13A6]\n   \t(No symbol) [0x00DB9AAC]\n   \t(No symbol) [0x00DDA2BC]\n   \t(No symbol) [0x00DB9586]\n   \t(No symbol) [0x00DDA614]\n   \t(No symbol) [0x00DEC482]\n   \t(No symbol) [0x00DDA0B6]\n   \t(No symbol) [0x00DB7E08]\n   \t(No symbol) [0x00DB8F2D]\n   \tGetHandleVerifier [0x01158E3A+2540266]\n   \tGetHandleVerifier [0x01198959+2801161]\n   \tGetHandleVerifier [0x0119295C+2776588]\n   \tGetHandleVerifier [0x00F82280+612144]\n   \t(No symbol) [0x00E94F6C]\n   \t(No symbol) [0x00E911D8]\n   \t(No symbol) [0x00E912BB]\n   \t(No symbol) [0x00E84857]\n   \tBaseThreadInitThunk [0x762A7D59+25]\n   \tRtlInitializeExceptionChain [0x773DB74B+107]\n   \tRtlClearBits [0x773DB6CF+191]\n", "test_name": "test_PayScaleMaster", "rerun": "0"}, "1": {"status": "FAIL", "message": "   selenium.common.exceptions.ElementNotInteractableException: Message: element not interactable\n     (Session info: chrome=113.0.5672.127)\n   Stacktrace:\n   Backtrace:\n   \tGetHandleVerifier [0x00EF8893+48451]\n   \t(No symbol) [0x00E8B8A1]\n   \t(No symbol) [0x00D94F20]\n   \t(No symbol) [0x00DC13A6]\n   \t(No symbol) [0x00DB9AAC]\n   \t(No symbol) [0x00DDA2BC]\n   \t(No symbol) [0x00DB9586]\n   \t(No symbol) [0x00DDA614]\n   \t(No symbol) [0x00DEC482]\n   \t(No symbol) [0x00DDA0B6]\n   \t(No symbol) [0x00DB7E08]\n   \t(No symbol) [0x00DB8F2D]\n   \tGetHandleVerifier [0x01158E3A+2540266]\n   \tGetHandleVerifier [0x01198959+2801161]\n   \tGetHandleVerifier [0x0119295C+2776588]\n   \tGetHandleVerifier [0x00F82280+612144]\n   \t(No symbol) [0x00E94F6C]\n   \t(No symbol) [0x00E911D8]\n   \t(No symbol) [0x00E912BB]\n   \t(No symbol) [0x00E84857]\n   \tBaseThreadInitThunk [0x762A7D59+25]\n   \tRtlInitializeExceptionChain [0x773DB74B+107]\n   \tRtlClearBits [0x773DB6CF+191]\n", "test_name": "test_Allowances_Master", "rerun": "0"}, "2": {"status": "FAIL", "message": "   selenium.common.exceptions.ElementNotInteractableException: Message: element not interactable\n     (Session info: chrome=113.0.5672.127)\n   Stacktrace:\n   Backtrace:\n   \tGetHandleVerifier [0x00EF8893+48451]\n   \t(No symbol) [0x00E8B8A1]\n   \t(No symbol) [0x00D94F20]\n   \t(No symbol) [0x00DC13A6]\n   \t(No symbol) [0x00DB9AAC]\n   \t(No symbol) [0x00DDA2BC]\n   \t(No symbol) [0x00DB9586]\n   \t(No symbol) [0x00DDA614]\n   \t(No symbol) [0x00DEC482]\n   \t(No symbol) [0x00DDA0B6]\n   \t(No symbol) [0x00DB7E08]\n   \t(No symbol) [0x00DB8F2D]\n   \tGetHandleVerifier [0x01158E3A+2540266]\n   \tGetHandleVerifier [0x01198959+2801161]\n   \tGetHandleVerifier [0x0119295C+2776588]\n   \tGetHandleVerifier [0x00F82280+612144]\n   \t(No symbol) [0x00E94F6C]\n   \t(No symbol) [0x00E911D8]\n   \t(No symbol) [0x00E912BB]\n   \t(No symbol) [0x00E84857]\n   \tBaseThreadInitThunk [0x762A7D59+25]\n   \tRtlInitializeExceptionChain [0x773DB74B+107]\n   \tRtlClearBits [0x773DB6CF+191]\n", "test_name": "test_AllowancesManagement", "rerun": "0"}, "3": {"status": "PASS", "message": "", "test_name": "test_ProvidentFundORGovernmentProvidentFundNomination", "rerun": "0"}, "4": {"status": "PASS", "message": "", "test_name": "test_EmployeesStateInsuranceNomination", "rerun": "0"}, "5": {"status": "PASS", "message": "", "test_name": "test_GratuityNominationForm", "rerun": "0"}, "6": {"status": "PASS", "message": "", "test_name": "test_DeductionsMaster", "rerun": "0"}, "7": {"status": "PASS", "message": "", "test_name": "test_Deductions_Management", "rerun": "0"}, "8": {"status": "PASS", "message": "", "test_name": "test_TaxDeductedatSourceMaster", "rerun": "0"}, "9": {"status": "PASS", "message": "", "test_name": "test_Remuneration_Package_Template", "rerun": "0"}, "10": {"status": "PASS", "message": "", "test_name": "test_RemunerationPackageOperationScreen", "rerun": "0"}, "11": {"status": "PASS", "message": "", "test_name": "test_StaffBenefitsMaster", "rerun": "0"}, "12": {"status": "PASS", "message": "", "test_name": "test_StaffBenefitsOperationalScreen", "rerun": "0"}, "13": {"status": "PASS", "message": "", "test_name": "test_CBSFileExtractTemplate", "rerun": "0"}, "14": {"status": "PASS", "message": "", "test_name": "test_PaySlipTemplate", "rerun": "0"}, "15": {"status": "PASS", "message": "", "test_name": "test_AdvancesANDLoansMaster", "rerun": "0"}, "16": {"status": "PASS", "message": "", "test_name": "test_Tax_Declarations_Master", "rerun": "0"}, "17": {"status": "PASS", "message": "", "test_name": "test_ReimbursementTemplateDefinition", "rerun": "0"}}, "status": {"total_pass": 15, "total_skip": 0, "total_xpass": 0, "total_xfail": 0, "total_rerun": 0, "total_fail": 3, "total_error": 0}}, "4": {"suite_name": "test_PayrollProcessingEngine.py", "tests": {"0": {"status": "PASS", "message": "", "test_name": "test_AttendanceRegisterORLossofPayRegister", "rerun": "0"}, "1": {"status": "PASS", "message": "", "test_name": "test_Maker_Checker", "rerun": "0"}, "2": {"status": "PASS", "message": "", "test_name": "test_Pre_Payroll_Process", "rerun": "0"}, "3": {"status": "PASS", "message": "", "test_name": "test_MasterPayScalePayrollProcessing", "rerun": "0"}, "4": {"status": "PASS", "message": "", "test_name": "test_FixedPayScalePayrollProcessing", "rerun": "0"}, "5": {"status": "PASS", "message": "", "test_name": "test_SupplementaryPayrollProcessing", "rerun": "0"}, "6": {"status": "PASS", "message": "", "test_name": "test_MakerCheckerModelforPayrollProcessing", "rerun": "0"}, "7": {"status": "PASS", "message": "", "test_name": "test_CBSFileExtractGeneration", "rerun": "0"}, "8": {"status": "PASS", "message": "", "test_name": "test_DownloadRecordsofPayrollProcessing", "rerun": "0"}}, "status": {"total_pass": 9, "total_skip": 0, "total_xpass": 0, "total_xfail": 0, "total_rerun": 0, "total_fail": 0, "total_error": 0}}, "5": {"suite_name": "test_PersonaInformationSystem.py", "tests": {"0": {"status": "PASS", "message": "", "test_name": "test_GradeMaster", "rerun": "0"}, "1": {"status": "PASS", "message": "", "test_name": "test_DesignationMaster", "rerun": "0"}, "2": {"status": "PASS", "message": "", "test_name": "test_DepartmentMaster", "rerun": "0"}, "3": {"status": "PASS", "message": "", "test_name": "test_DepartmentSectionMaster", "rerun": "0"}, "4": {"status": "PASS", "message": "", "test_name": "test_EmployeeIdDefinition", "rerun": "0"}, "5": {"status": "PASS", "message": "", "test_name": "test_Team_Master", "rerun": "0"}, "6": {"status": "PASS", "message": "", "test_name": "test_LeaveTypeMaster", "rerun": "0"}, "7": {"status": "PASS", "message": "", "test_name": "test_LeaveRules", "rerun": "0"}}, "status": {"total_pass": 8, "total_skip": 0, "total_xpass": 0, "total_xfail": 0, "total_rerun": 0, "total_fail": 0, "total_error": 0}}, "6": {"suite_name": "test_Personnel_Information_System_Management.py", "tests": {"0": {"status": "PASS", "message": "", "test_name": "test_ModifiedDetails", "rerun": "0"}, "1": {"status": "PASS", "message": "", "test_name": "test_Provisional_Employee_Draft", "rerun": "0"}, "2": {"status": "PASS", "message": "", "test_name": "test_NewEmployeeDraft", "rerun": "0"}, "3": {"status": "PASS", "message": "", "test_name": "test_AcceptORReject_Provisional_Employee_Draft", "rerun": "0"}, "4": {"status": "PASS", "message": "", "test_name": "test_Modifying_Approved_Information", "rerun": "0"}, "5": {"status": "FAIL", "message": "   assert 0 > 0\n    +  where 0 = len([])\n", "test_name": "test_Updating_Approved_Information", "rerun": "0"}, "6": {"status": "PASS", "message": "", "test_name": "test_AcceptingORRejectingModifiedInformation_in_Approv", "rerun": "0"}, "7": {"status": "PASS", "message": "", "test_name": "test_AcceptORRejectUpdatedInformation_in_ApprovedProf", "rerun": "0"}, "8": {"status": "PASS", "message": "", "test_name": "test_EmployeeBasicPayEntry_FixedPayScale", "rerun": "0"}, "9": {"status": "PASS", "message": "", "test_name": "test_Maker_CheckerModelforBasicPayEntry", "rerun": "0"}}, "status": {"total_pass": 9, "total_skip": 0, "total_xpass": 0, "total_xfail": 0, "total_rerun": 0, "total_fail": 1, "total_error": 0}}, "7": {"suite_name": "test_Report.py", "tests": {"0": {"status": "PASS", "message": "", "test_name": "test_PaySlipGeneration", "rerun": "0"}, "1": {"status": "PASS", "message": "", "test_name": "test_Remittances", "rerun": "0"}, "2": {"status": "PASS", "message": "", "test_name": "test_GeneralReports", "rerun": "0"}}, "status": {"total_pass": 3, "total_skip": 0, "total_xpass": 0, "total_xfail": 0, "total_rerun": 0, "total_fail": 0, "total_error": 0}}, "8": {"suite_name": "hcmreports_kumar/pytest_screenshots/test_multiplefun.py", "tests": {"0": {"status": "PASS", "message": "", "test_name": "test_jIRA", "rerun": "0"}, "1": {"status": "ERROR", "message": "driver = <selenium.webdriver.chrome.webdriver.WebDriver (session=\"657fd83e320923923b098bb4ac5a54b6\")>, base_url = 'https://agile.vsoft.co.in:8443'\n\n    @pytest.fixture(scope='function')\n    def login(driver, base_url):\n        driver.get(\"https://agile.vsoft.co.in:8443/secure/Dashboard.jspa\")\n>       driver.find_element(By.XPATH, \"//a[@class='aui-nav-link login-link']\").click()\n\nhcmreports_kumar\\pytest_screenshots\\test_multiplefun.py:25: \n_ _ _ _ _ _ _ _ _ _ _ _ _ _ _ _ _ _ _ _ _ _ _ _ _ _ _ _ _ _ _ _ _ _ _ _ _ _ _ _ _ _ _ _ _ _ _ _ _ _ _ _ _ _ _ _ _ _ _ _ _ _ _ _ _ _ _ _ _ _ _ _ _ _\n..\\..\\AppData\\Roaming\\Python\\Python310\\site-packages\\selenium\\webdriver\\remote\\webdriver.py:831: in find_element\n    return self.execute(Command.FIND_ELEMENT, {\"using\": by, \"value\": value})[\"value\"]\n..\\..\\AppData\\Roaming\\Python\\Python310\\site-packages\\selenium\\webdriver\\remote\\webdriver.py:440: in execute\n    self.error_handler.check_response(response)\n_ _ _ _ _ _ _ _ _ _ _ _ _ _ _ _ _ _ _ _ _ _ _ _ _ _ _ _ _ _ _ _ _ _ _ _ _ _ _ _ _ _ _ _ _ _ _ _ _ _ _ _ _ _ _ _ _ _ _ _ _ _ _ _ _ _ _ _ _ _ _ _ _ _\n\nself = <selenium.webdriver.remote.errorhandler.ErrorHandler object at 0x000001ACEA62EBC0>\nresponse = {'status': 404, 'value': '{\"value\":{\"error\":\"no such element\",\"message\":\"no such element: Unable to locate element: {\\...dInitThunk [0x762A7D59+25]\\\\n\\\\tRtlInitializeExceptionChain [0x773DB74B+107]\\\\n\\\\tRtlClearBits [0x773DB6CF+191]\\\\n\"}}'}\n\n    def check_response(self, response: Dict[str, Any]) -> None:\n        \"\"\"Checks that a JSON response from the WebDriver does not have an\n        error.\n    \n        :Args:\n         - response - The JSON response from the WebDriver server as a dictionary\n           object.\n    \n        :Raises: If the response contains an error message.\n        \"\"\"\n        status = response.get(\"status\", None)\n        if not status or status == ErrorCode.SUCCESS:\n            return\n        value = None\n        message = response.get(\"message\", \"\")\n        screen: str = response.get(\"screen\", \"\")\n        stacktrace = None\n        if isinstance(status, int):\n            value_json = response.get(\"value\", None)\n            if value_json and isinstance(value_json, str):\n                import json\n    \n                try:\n                    value = json.loads(value_json)\n                    if len(value) == 1:\n                        value = value[\"value\"]\n                    status = value.get(\"error\", None)\n                    if not status:\n                        status = value.get(\"status\", ErrorCode.UNKNOWN_ERROR)\n                        message = value.get(\"value\") or value.get(\"message\")\n                        if not isinstance(message, str):\n                            value = message\n                            message = message.get(\"message\")\n                    else:\n                        message = value.get(\"message\", None)\n                except ValueError:\n                    pass\n    \n        exception_class: Type[WebDriverException]\n        if status in ErrorCode.NO_SUCH_ELEMENT:\n            exception_class = NoSuchElementException\n        elif status in ErrorCode.NO_SUCH_FRAME:\n            exception_class = NoSuchFrameException\n        elif status in ErrorCode.NO_SUCH_SHADOW_ROOT:\n            exception_class = NoSuchShadowRootException\n        elif status in ErrorCode.NO_SUCH_WINDOW:\n            exception_class = NoSuchWindowException\n        elif status in ErrorCode.STALE_ELEMENT_REFERENCE:\n            exception_class = StaleElementReferenceException\n        elif status in ErrorCode.ELEMENT_NOT_VISIBLE:\n            exception_class = ElementNotVisibleException\n        elif status in ErrorCode.INVALID_ELEMENT_STATE:\n            exception_class = InvalidElementStateException\n        elif (\n            status in ErrorCode.INVALID_SELECTOR\n            or status in ErrorCode.INVALID_XPATH_SELECTOR\n            or status in ErrorCode.INVALID_XPATH_SELECTOR_RETURN_TYPER\n        ):\n            exception_class = InvalidSelectorException\n        elif status in ErrorCode.ELEMENT_IS_NOT_SELECTABLE:\n            exception_class = ElementNotSelectableException\n        elif status in ErrorCode.ELEMENT_NOT_INTERACTABLE:\n            exception_class = ElementNotInteractableException\n        elif status in ErrorCode.INVALID_COOKIE_DOMAIN:\n            exception_class = InvalidCookieDomainException\n        elif status in ErrorCode.UNABLE_TO_SET_COOKIE:\n            exception_class = UnableToSetCookieException\n        elif status in ErrorCode.TIMEOUT:\n            exception_class = TimeoutException\n        elif status in ErrorCode.SCRIPT_TIMEOUT:\n            exception_class = TimeoutException\n        elif status in ErrorCode.UNKNOWN_ERROR:\n            exception_class = WebDriverException\n        elif status in ErrorCode.UNEXPECTED_ALERT_OPEN:\n            exception_class = UnexpectedAlertPresentException\n        elif status in ErrorCode.NO_ALERT_OPEN:\n            exception_class = NoAlertPresentException\n        elif status in ErrorCode.IME_NOT_AVAILABLE:\n            exception_class = ImeNotAvailableException\n        elif status in ErrorCode.IME_ENGINE_ACTIVATION_FAILED:\n            exception_class = ImeActivationFailedException\n        elif status in ErrorCode.MOVE_TARGET_OUT_OF_BOUNDS:\n            exception_class = MoveTargetOutOfBoundsException\n        elif status in ErrorCode.JAVASCRIPT_ERROR:\n            exception_class = JavascriptException\n        elif status in ErrorCode.SESSION_NOT_CREATED:\n            exception_class = SessionNotCreatedException\n        elif status in ErrorCode.INVALID_ARGUMENT:\n            exception_class = InvalidArgumentException\n        elif status in ErrorCode.NO_SUCH_COOKIE:\n            exception_class = NoSuchCookieException\n        elif status in ErrorCode.UNABLE_TO_CAPTURE_SCREEN:\n            exception_class = ScreenshotException\n        elif status in ErrorCode.ELEMENT_CLICK_INTERCEPTED:\n            exception_class = ElementClickInterceptedException\n        elif status in ErrorCode.INSECURE_CERTIFICATE:\n            exception_class = InsecureCertificateException\n        elif status in ErrorCode.INVALID_COORDINATES:\n            exception_class = InvalidCoordinatesException\n        elif status in ErrorCode.INVALID_SESSION_ID:\n            exception_class = InvalidSessionIdException\n        elif status in ErrorCode.UNKNOWN_METHOD:\n            exception_class = UnknownMethodException\n        else:\n            exception_class = WebDriverException\n        if not value:\n            value = response[\"value\"]\n        if isinstance(value, str):\n            raise exception_class(value)\n        if message == \"\" and \"message\" in value:\n            message = value[\"message\"]\n    \n        screen = None  # type: ignore[assignment]\n        if \"screen\" in value:\n            screen = value[\"screen\"]\n    \n        stacktrace = None\n        st_value = value.get(\"stackTrace\") or value.get(\"stacktrace\")\n        if st_value:\n            if isinstance(st_value, str):\n                stacktrace = st_value.split(\"\\n\")\n            else:\n                stacktrace = []\n                try:\n                    for frame in st_value:\n                        line = frame.get(\"lineNumber\", \"\")\n                        file = frame.get(\"fileName\", \"<anonymous>\")\n                        if line:\n                            file = f\"{file}:{line}\"\n                        meth = frame.get(\"methodName\", \"<anonymous>\")\n                        if \"className\" in frame:\n                            meth = f\"{frame['className']}.{meth}\"\n                        msg = \"    at %s (%s)\"\n                        msg = msg % (meth, file)\n                        stacktrace.append(msg)\n                except TypeError:\n                    pass\n        if exception_class == UnexpectedAlertPresentException:\n            alert_text = None\n            if \"data\" in value:\n                alert_text = value[\"data\"].get(\"text\")\n            elif \"alert\" in value:\n                alert_text = value[\"alert\"].get(\"text\")\n            raise exception_class(message, screen, stacktrace, alert_text)  # type: ignore[call-arg]  # mypy is not smart enough here\n>       raise exception_class(message, screen, stacktrace)\nE       selenium.common.exceptions.NoSuchElementException: Message: no such element: Unable to locate element: {\"method\":\"xpath\",\"selector\":\"//a[@class='aui-nav-link login-link']\"}\nE         (Session info: chrome=113.0.5672.127)\nE       Stacktrace:\nE       Backtrace:\nE       \tGetHandleVerifier [0x00EF8893+48451]\nE       \t(No symbol) [0x00E8B8A1]\nE       \t(No symbol) [0x00D95058]\nE       \t(No symbol) [0x00DC0467]\nE       \t(No symbol) [0x00DC069B]\nE       \t(No symbol) [0x00DEDD92]\nE       \t(No symbol) [0x00DDA304]\nE       \t(No symbol) [0x00DEC482]\nE       \t(No symbol) [0x00DDA0B6]\nE       \t(No symbol) [0x00DB7E08]\nE       \t(No symbol) [0x00DB8F2D]\nE       \tGetHandleVerifier [0x01158E3A+2540266]\nE       \tGetHandleVerifier [0x01198959+2801161]\nE       \tGetHandleVerifier [0x0119295C+2776588]\nE       \tGetHandleVerifier [0x00F82280+612144]\nE       \t(No symbol) [0x00E94F6C]\nE       \t(No symbol) [0x00E911D8]\nE       \t(No symbol) [0x00E912BB]\nE       \t(No symbol) [0x00E84857]\nE       \tBaseThreadInitThunk [0x762A7D59+25]\nE       \tRtlInitializeExceptionChain [0x773DB74B+107]\nE       \tRtlClearBits [0x773DB6CF+191]\n\n..\\..\\AppData\\Roaming\\Python\\Python310\\site-packages\\selenium\\webdriver\\remote\\errorhandler.py:245: NoSuchElementException\n", "test_name": "test_jira2", "rerun": "0"}}, "status": {"total_pass": 1, "total_skip": 0, "total_xpass": 0, "total_xfail": 0, "total_rerun": 0, "total_fail": 0, "total_error": 1}}}}, "date": "May 30, 2023", "start_time": 1685427821.6705625, "total_suite": 9, "status": "FAIL", "status_list": {"pass": "75", "fail": "6", "skip": "1", "error": "1", "xpass": "0", "xfail": "0", "rerun": "0"}, "total_tests": "83"}